<?xml version="1.0" encoding="UTF-8"?>
<testsuite xmlns:xsi="http://www.w3.org/2001/XMLSchema-instance" xsi:noNamespaceSchemaLocation="https://maven.apache.org/surefire/maven-surefire-plugin/xsd/surefire-test-report.xsd" name="MyRouteTest" time="3.665" tests="1" errors="0" skipped="0" failures="0">
  <properties>
    <property name="sun.desktop" value="windows"/>
    <property name="awt.toolkit" value="sun.awt.windows.WToolkit"/>
    <property name="file.encoding.pkg" value="sun.io"/>
    <property name="java.specification.version" value="1.8"/>
    <property name="sun.cpu.isalist" value="amd64"/>
    <property name="sun.jnu.encoding" value="Cp1252"/>
    <property name="java.class.path" value="D:\workspaces\microservicesWorkspace\resorzas-parent\simple-camel-template\target\test-classes;D:\workspaces\microservicesWorkspace\resorzas-parent\simple-camel-template\target\classes;D:\Users\dmiscali\.m2\repository\org\apache\camel\camel-core\2.21.1\camel-core-2.21.1.jar;D:\Users\dmiscali\.m2\repository\org\slf4j\slf4j-api\1.7.25\slf4j-api-1.7.25.jar;D:\Users\dmiscali\.m2\repository\com\sun\xml\bind\jaxb-core\2.3.0\jaxb-core-2.3.0.jar;D:\Users\dmiscali\.m2\repository\com\sun\xml\bind\jaxb-impl\2.3.0\jaxb-impl-2.3.0.jar;D:\Users\dmiscali\.m2\repository\org\apache\camel\camel-spring\2.21.1\camel-spring-2.21.1.jar;D:\Users\dmiscali\.m2\repository\org\springframework\spring-core\4.3.16.RELEASE\spring-core-4.3.16.RELEASE.jar;D:\Users\dmiscali\.m2\repository\org\springframework\spring-aop\4.3.16.RELEASE\spring-aop-4.3.16.RELEASE.jar;D:\Users\dmiscali\.m2\repository\org\springframework\spring-context\4.3.16.RELEASE\spring-context-4.3.16.RELEASE.jar;D:\Users\dmiscali\.m2\repository\org\springframework\spring-beans\4.3.16.RELEASE\spring-beans-4.3.16.RELEASE.jar;D:\Users\dmiscali\.m2\repository\org\springframework\spring-expression\4.3.16.RELEASE\spring-expression-4.3.16.RELEASE.jar;D:\Users\dmiscali\.m2\repository\org\springframework\spring-tx\4.3.16.RELEASE\spring-tx-4.3.16.RELEASE.jar;D:\Users\dmiscali\.m2\repository\junit\junit\4.12\junit-4.12.jar;D:\Users\dmiscali\.m2\repository\org\hamcrest\hamcrest-core\1.3\hamcrest-core-1.3.jar;D:\Users\dmiscali\.m2\repository\org\apache\camel\camel-test\2.21.1\camel-test-2.21.1.jar;D:\Users\dmiscali\.m2\repository\org\apache\camel\camel-test-spring\2.21.1\camel-test-spring-2.21.1.jar;D:\Users\dmiscali\.m2\repository\org\springframework\spring-test\4.3.16.RELEASE\spring-test-4.3.16.RELEASE.jar;D:\Users\dmiscali\.m2\repository\commons-logging\commons-logging\1.2\commons-logging-1.2.jar;D:\Users\dmiscali\.m2\repository\org\slf4j\slf4j-log4j12\1.7.25\slf4j-log4j12-1.7.25.jar;D:\Users\dmiscali\.m2\repository\log4j\log4j\1.2.17\log4j-1.2.17.jar;"/>
    <property name="java.vm.vendor" value="Oracle Corporation"/>
    <property name="sun.arch.data.model" value="64"/>
    <property name="user.variant" value=""/>
    <property name="java.vendor.url" value="http://java.oracle.com/"/>
    <property name="user.timezone" value=""/>
    <property name="user.country.format" value="IT"/>
    <property name="java.vm.specification.version" value="1.8"/>
    <property name="os.name" value="Windows 7"/>
    <property name="user.country" value="US"/>
    <property name="sun.java.launcher" value="SUN_STANDARD"/>
    <property name="sun.boot.library.path" value="C:\Program Files\Java\jdk1.8.0_65\jre\bin"/>
    <property name="sun.java.command" value="C:\Users\dmiscali\AppData\Local\Temp\surefire3231860901038420254\surefirebooter4577846708852795215.jar C:\Users\dmiscali\AppData\Local\Temp\surefire3231860901038420254 2018-06-08T17-24-32_380-jvmRun1 surefire4849635609003520492tmp surefire_07949777529855179331tmp"/>
    <property name="surefire.test.class.path" value="D:\workspaces\microservicesWorkspace\resorzas-parent\simple-camel-template\target\test-classes;D:\workspaces\microservicesWorkspace\resorzas-parent\simple-camel-template\target\classes;D:\Users\dmiscali\.m2\repository\org\apache\camel\camel-core\2.21.1\camel-core-2.21.1.jar;D:\Users\dmiscali\.m2\repository\org\slf4j\slf4j-api\1.7.25\slf4j-api-1.7.25.jar;D:\Users\dmiscali\.m2\repository\com\sun\xml\bind\jaxb-core\2.3.0\jaxb-core-2.3.0.jar;D:\Users\dmiscali\.m2\repository\com\sun\xml\bind\jaxb-impl\2.3.0\jaxb-impl-2.3.0.jar;D:\Users\dmiscali\.m2\repository\org\apache\camel\camel-spring\2.21.1\camel-spring-2.21.1.jar;D:\Users\dmiscali\.m2\repository\org\springframework\spring-core\4.3.16.RELEASE\spring-core-4.3.16.RELEASE.jar;D:\Users\dmiscali\.m2\repository\org\springframework\spring-aop\4.3.16.RELEASE\spring-aop-4.3.16.RELEASE.jar;D:\Users\dmiscali\.m2\repository\org\springframework\spring-context\4.3.16.RELEASE\spring-context-4.3.16.RELEASE.jar;D:\Users\dmiscali\.m2\repository\org\springframework\spring-beans\4.3.16.RELEASE\spring-beans-4.3.16.RELEASE.jar;D:\Users\dmiscali\.m2\repository\org\springframework\spring-expression\4.3.16.RELEASE\spring-expression-4.3.16.RELEASE.jar;D:\Users\dmiscali\.m2\repository\org\springframework\spring-tx\4.3.16.RELEASE\spring-tx-4.3.16.RELEASE.jar;D:\Users\dmiscali\.m2\repository\junit\junit\4.12\junit-4.12.jar;D:\Users\dmiscali\.m2\repository\org\hamcrest\hamcrest-core\1.3\hamcrest-core-1.3.jar;D:\Users\dmiscali\.m2\repository\org\apache\camel\camel-test\2.21.1\camel-test-2.21.1.jar;D:\Users\dmiscali\.m2\repository\org\apache\camel\camel-test-spring\2.21.1\camel-test-spring-2.21.1.jar;D:\Users\dmiscali\.m2\repository\org\springframework\spring-test\4.3.16.RELEASE\spring-test-4.3.16.RELEASE.jar;D:\Users\dmiscali\.m2\repository\commons-logging\commons-logging\1.2\commons-logging-1.2.jar;D:\Users\dmiscali\.m2\repository\org\slf4j\slf4j-log4j12\1.7.25\slf4j-log4j12-1.7.25.jar;D:\Users\dmiscali\.m2\repository\log4j\log4j\1.2.17\log4j-1.2.17.jar;"/>
    <property name="sun.cpu.endian" value="little"/>
    <property name="user.home" value="C:\Users\dmiscali"/>
    <property name="user.language" value="en"/>
    <property name="java.specification.vendor" value="Oracle Corporation"/>
    <property name="java.home" value="C:\Program Files\Java\jdk1.8.0_65\jre"/>
    <property name="basedir" value="D:\workspaces\microservicesWorkspace\resorzas-parent\simple-camel-template"/>
    <property name="file.separator" value="\"/>
    <property name="line.separator" value="&#10;"/>
    <property name="java.vm.specification.vendor" value="Oracle Corporation"/>
    <property name="java.specification.name" value="Java Platform API Specification"/>
    <property name="java.awt.graphicsenv" value="sun.awt.Win32GraphicsEnvironment"/>
    <property name="surefire.real.class.path" value="C:\Users\dmiscali\AppData\Local\Temp\surefire3231860901038420254\surefirebooter4577846708852795215.jar"/>
    <property name="sun.boot.class.path" value="C:\Program Files\Java\jdk1.8.0_65\jre\lib\resources.jar;C:\Program Files\Java\jdk1.8.0_65\jre\lib\rt.jar;C:\Program Files\Java\jdk1.8.0_65\jre\lib\sunrsasign.jar;C:\Program Files\Java\jdk1.8.0_65\jre\lib\jsse.jar;C:\Program Files\Java\jdk1.8.0_65\jre\lib\jce.jar;C:\Program Files\Java\jdk1.8.0_65\jre\lib\charsets.jar;C:\Program Files\Java\jdk1.8.0_65\jre\lib\jfr.jar;C:\Program Files\Java\jdk1.8.0_65\jre\classes"/>
    <property name="user.script" value=""/>
    <property name="sun.management.compiler" value="HotSpot 64-Bit Tiered Compilers"/>
    <property name="java.runtime.version" value="1.8.0_65-b17"/>
    <property name="user.name" value="DMISCALI"/>
    <property name="path.separator" value=";"/>
    <property name="os.version" value="6.1"/>
    <property name="java.endorsed.dirs" value="C:\Program Files\Java\jdk1.8.0_65\jre\lib\endorsed"/>
    <property name="java.runtime.name" value="Java(TM) SE Runtime Environment"/>
    <property name="file.encoding" value="Cp1252"/>
    <property name="skipStartingCamelContext" value="false"/>
    <property name="java.vm.name" value="Java HotSpot(TM) 64-Bit Server VM"/>
    <property name="localRepository" value="D:\Users\dmiscali\.m2\repository"/>
    <property name="java.vendor.url.bug" value="http://bugreport.sun.com/bugreport/"/>
    <property name="java.io.tmpdir" value="C:\Users\dmiscali\AppData\Local\Temp\"/>
    <property name="java.version" value="1.8.0_65"/>
    <property name="user.dir" value="D:\workspaces\microservicesWorkspace\resorzas-parent\simple-camel-template"/>
    <property name="os.arch" value="amd64"/>
    <property name="java.vm.specification.name" value="Java Virtual Machine Specification"/>
    <property name="java.awt.printerjob" value="sun.awt.windows.WPrinterJob"/>
    <property name="user.language.format" value="it"/>
    <property name="sun.os.patch.level" value="Service Pack 1"/>
    <property name="java.library.path" value="C:\Program Files\Java\jdk1.8.0_65\jre\bin;C:\WINDOWS\Sun\Java\bin;C:\WINDOWS\system32;C:\WINDOWS;C:\ProgramData\Oracle\Java\javapath;C:\Program Files\Java\jdk1.8.0_65\bin;D:\app\dmiscali\product\11.2.0\client_3;D:\app\dmiscali\product\11.2.0\client_2;C:\tibco\tibrv\8.2\bin;D:\app\dmiscali\product\11.2.0\client_1;C:\tibco\tibrv\8.1\bin;C:\WINDOWS\system32;C:\WINDOWS;C:\WINDOWS\System32\Wbem;C:\WINDOWS\System32\WindowsPowerShell\v1.0\;C:\WINDOWS\System32\WindowsPowerShell\v1.0\;D:\env\apache-maven-3.3.9\bin;&quot;D:\env\mysql-5.7.10-winx64\bin&quot;;C:\Program Files\TortoiseSVN\bin;D:\env\spring-tool-suite-3.7.2.RELEASE-e4.5.1-win32-x86_64\sts-bundle\spring-roo-1.3.1.RC1\bin;C:\Program Files\Git\cmd;C:\Program Files (x86)\Skype\Phone\;C:\WINDOWS\System32\WindowsPowerShell\v1.0\;D:\HashiCorp\Vagrant\bin;D:\env\Graphviz2.38\bin;C:\Program Files\Amazon\AWSCLI\;C:\Program Files\TortoiseGit\bin;;C:\Program Files\Docker Toolbox;C:\Program Files\Amazon\AWSCLI;."/>
    <property name="java.vm.info" value="mixed mode"/>
    <property name="java.vendor" value="Oracle Corporation"/>
    <property name="java.vm.version" value="25.65-b01"/>
    <property name="java.ext.dirs" value="C:\Program Files\Java\jdk1.8.0_65\jre\lib\ext;C:\WINDOWS\Sun\Java\lib\ext"/>
    <property name="sun.io.unicode.encoding" value="UnicodeLittle"/>
    <property name="java.class.version" value="52.0"/>
  </properties>
  <testcase name="shouldGetBodyChangedByProcessor" classname="MyRouteTest" time="3.376"/>
</testsuite>